<?xml version="1.0" encoding="UTF-8"?>
<testng-results skipped="0" failed="0" total="1" passed="1">
  <reporter-output>
  </reporter-output>
  <suite name="Default suite" duration-ms="12402" started-at="2020-10-15T02:54:18Z" finished-at="2020-10-15T02:54:31Z">
    <groups>
    </groups>
    <test name="Default test" duration-ms="12402" started-at="2020-10-15T02:54:18Z" finished-at="2020-10-15T02:54:31Z">
      <class name="RunTest">
        <test-method status="PASS" signature="beforeTest()[pri:0, instance:RunTest@5dfcfece]" name="beforeTest" is-config="true" duration-ms="8736" started-at="2020-10-15T09:54:18Z" finished-at="2020-10-15T09:54:27Z">
          <reporter-output>
          </reporter-output>
        </test-method> <!-- beforeTest -->
        <test-method status="PASS" signature="test()[pri:0, instance:RunTest@5dfcfece]" name="test" duration-ms="2393" started-at="2020-10-15T09:54:27Z" finished-at="2020-10-15T09:54:29Z">
          <reporter-output>
          </reporter-output>
        </test-method> <!-- test -->
        <test-method status="PASS" signature="afterTest()[pri:0, instance:RunTest@5dfcfece]" name="afterTest" is-config="true" duration-ms="1246" started-at="2020-10-15T09:54:29Z" finished-at="2020-10-15T09:54:31Z">
          <reporter-output>
          </reporter-output>
        </test-method> <!-- afterTest -->
      </class> <!-- RunTest -->
    </test> <!-- Default test -->
  </suite> <!-- Default suite -->
</testng-results>
